<?xml version="1.0" encoding="utf-8"?><testsuites name="pytest tests"><testsuite name="pytest" errors="0" failures="1" skipped="0" tests="14" time="75.180" timestamp="2026-07-16T12:21:52.451219+00:00" hostname="agent-env-10043e7d-0a5f-44ac-b7fe-bf5d0e752e55"><testcase classname="tests.test_listingcraft.TestListings" name="test_list_demo_has_seed" time="0.716" /><testcase classname="tests.test_listingcraft.TestAuth" name="test_login_demo" time="0.711" /><testcase classname="tests.test_listingcraft.TestAuth" name="test_me" time="0.262" /><testcase classname="tests.test_listingcraft.TestListings" name="test_generate_and_regenerate" time="25.697" /><testcase classname="tests.test_listingcraft.TestAuth" name="test_login_invalid" time="0.352" /><testcase classname="tests.test_listingcraft.TestAuth" name="test_register_and_me" time="0.473"><failure message="AssertionError: assert 'test_free_13...f@example.com' == 'TEST_free_13...f@example.com'&#10;  &#10;  - TEST_free_139f4f7f@example.com&#10;  ? ^^^^&#10;  + test_free_139f4f7f@example.com&#10;  ? ^^^^">backend/tests/test_listingcraft.py:67: in test_register_and_me
    assert r.json()["email"] == free_user["email"]
E   AssertionError: assert 'test_free_13...f@example.com' == 'TEST_free_13...f@example.com'
E     
E     - TEST_free_139f4f7f@example.com
E     ? ^^^^
E     + test_free_139f4f7f@example.com
E     ? ^^^^</failure></testcase><testcase classname="tests.test_listingcraft.TestAuth" name="test_duplicate_register" time="0.103" /><testcase classname="tests.test_listingcraft.TestAuth" name="test_logout_clears" time="0.512" /><testcase classname="tests.test_listingcraft.TestPayments" name="test_plans_list" time="0.093" /><testcase classname="tests.test_listingcraft.TestPayments" name="test_checkout_starter" time="0.668" /><testcase classname="tests.test_listingcraft.TestQuota" name="test_free_quota_402_on_4th" time="71.483" /><testcase classname="tests.test_listingcraft.TestListings" name="test_search" time="0.129" /><testcase classname="tests.test_listingcraft" name="test_health" time="0.115" /><testcase classname="tests.test_listingcraft" name="test_debug_available_packages" time="0.096" /></testsuite></testsuites>